[20:52:21] [main/INFO] (FabricLoader/GameProvider) Loading Minecraft 1.20.2 with Fabric Loader 0.15.5
[20:52:21] [main/INFO] (FabricLoader) Loading 62 mods:
	- devlogin 3.4.1
	- fabric-api 0.91.3+1.20.2
	- fabric-api-base 0.4.33+fce67b32a0
	- fabric-api-lookup-api-v1 1.6.42+b1792f7da0
	- fabric-biome-api-v1 13.0.14+b1792f7da0
	- fabric-block-api-v1 1.0.12+73761d2ea0
	- fabric-block-view-api-v2 1.0.1+73761d2ea0
	- fabric-blockrenderlayer-v1 1.1.43+f4b7e424a0
	- fabric-client-tags-api-v1 1.1.4+86b12645a0
	- fabric-command-api-v1 1.2.37+f71b366fa0
	- fabric-command-api-v2 2.2.16+b1792f7da0
	- fabric-commands-v0 0.2.54+df3654b3a0
	- fabric-containers-v0 0.1.79+df3654b3a0
	- fabric-content-registries-v0 5.0.5+b1792f7da0
	- fabric-convention-tags-v1 1.5.8+b1792f7da0
	- fabric-crash-report-info-v1 0.2.20+f4b7e424a0
	- fabric-data-generation-api-v1 13.1.9+b1792f7da0
	- fabric-dimensions-v1 2.1.57+b1792f7da0
	- fabric-entity-events-v1 1.5.26+b1792f7da0
	- fabric-events-interaction-v0 0.6.10+b1792f7da0
	- fabric-events-lifecycle-v0 0.2.69+df3654b3a0
	- fabric-game-rule-api-v1 1.0.42+a44e16a6a0
	- fabric-gametest-api-v1 1.2.16+b1792f7da0
	- fabric-item-api-v1 2.1.33+b1792f7da0
	- fabric-item-group-api-v1 4.0.15+e3d2bf3fa0
	- fabric-key-binding-api-v1 1.0.38+f4b7e424a0
	- fabric-keybindings-v0 0.2.36+df3654b3a0
	- fabric-lifecycle-events-v1 2.2.27+b1792f7da0
	- fabric-loot-api-v2 2.1.1+3ba460fba0
	- fabric-message-api-v1 6.0.2+e3d2bf3fa0
	- fabric-mining-level-api-v1 2.1.55+f4b7e424a0
	- fabric-model-loading-api-v1 1.0.6+b1792f7da0
	- fabric-models-v0 0.4.5+9386d8a7a0
	- fabric-networking-api-v1 3.1.3+b8b4f0e5a0
	- fabric-object-builder-api-v1 12.1.2+2ff98d3ba0
	- fabric-particles-v1 1.1.4+f4b7e424a0
	- fabric-recipe-api-v1 2.0.12+52b3ebe5a0
	- fabric-registry-sync-v0 4.0.10+b1792f7da0
	- fabric-renderer-api-v1 3.2.1+2034447ca0
	- fabric-renderer-indigo 1.5.1+2034447ca0
	- fabric-renderer-registries-v1 3.2.49+df3654b3a0
	- fabric-rendering-data-attachment-v1 0.3.39+73761d2ea0
	- fabric-rendering-fluids-v1 3.0.30+f4b7e424a0
	- fabric-rendering-v0 1.1.52+df3654b3a0
	- fabric-rendering-v1 3.0.11+b1792f7da0
	- fabric-resource-conditions-api-v1 2.3.11+239dafd8a0
	- fabric-resource-loader-v0 0.11.12+b1792f7da0
	- fabric-screen-api-v1 2.0.12+b1792f7da0
	- fabric-screen-handler-api-v1 1.3.45+b1792f7da0
	- fabric-sound-api-v1 1.0.14+f4b7e424a0
	- fabric-transfer-api-v1 3.3.12+4944b5a5a0
	- fabric-transitive-access-wideners-v1 5.0.3+fce67b32a0
	- fabricloader 0.15.5
	   \-- mixinextras 0.3.2
	- framesnextgen 0.1.0-1.20.2
	- java 17
	- lazydfu 0.1.3
	- magiclib 0.7.398+fe2125a-stable
	- magiclib-1_20_2 0.7.398+fe2125a-stable
	- malilib 0.17.0
	- minecraft 1.20.2
	- modmenu 8.0.0
[20:52:21] [main/INFO] (FabricLoader/Mixin) SpongePowered MIXIN Subsystem Version=0.8.5 Source=file:/C:/Users/demos/.gradle/caches/modules-2/files-2.1/net.fabricmc/sponge-mixin/0.12.5+mixin.0.8.5/8d31fb97c3e0cd7c8dad3441851c523bcfae6d8e/sponge-mixin-0.12.5+mixin.0.8.5.jar Service=Knot/Fabric Env=CLIENT
[20:52:22] [main/INFO] (FabricLoader/Mixin) Loaded Fabric development mappings for mixin remapper!
[20:52:22] [main/INFO] (FabricLoader/Mixin) Compatibility level set to JAVA_16
[20:52:22] [main/INFO] (FabricLoader/Mixin) Compatibility level set to JAVA_17
[20:52:23] [main/INFO] (FabricLoader/MixinExtras|Service) Initializing MixinExtras via com.llamalad7.mixinextras.service.MixinExtrasServiceImpl(version=0.3.2).
[20:52:26] [main/ERROR] (DevLogin-MSA) Catching
java.util.concurrent.ExecutionException: java.net.UnknownHostException: Этот хост неизвестен (api.minecraftservices.com)
	at java.util.concurrent.CompletableFuture.reportGet(CompletableFuture.java:396) ~[?:?]
	at java.util.concurrent.CompletableFuture.get(CompletableFuture.java:2096) ~[?:?]
	at fabric.com.ptsmods.devlogin.MSA.doRequest(MSA.java:383) ~[devlogin-3.4.1.jar:?]
	at fabric.com.ptsmods.devlogin.MSA.reqProfile(MSA.java:311) ~[devlogin-3.4.1.jar:?]
	at fabric.com.ptsmods.devlogin.MSA.login(MSA.java:90) ~[devlogin-3.4.1.jar:?]
	at fabric.com.ptsmods.devlogin.DevLogin.loginMSA(DevLogin.java:134) ~[devlogin-3.4.1.jar:?]
	at fabric.com.ptsmods.devlogin.DevLogin.modifyArgs(DevLogin.java:49) ~[devlogin-3.4.1.jar:?]
	at net.minecraft.client.main.Main.localvar$zgd000$devlogin$modifyArgs(Main.java:521) ~[minecraft-merged-project-root-1.20.2-net.fabricmc.yarn.1_20_2.1.20.2+build.4-v2.jar:?]
	at net.minecraft.client.main.Main.main(Main.java:103) ~[minecraft-merged-project-root-1.20.2-net.fabricmc.yarn.1_20_2.1.20.2+build.4-v2.jar:?]
	at net.fabricmc.loader.impl.game.minecraft.MinecraftGameProvider.launch(MinecraftGameProvider.java:470) ~[fabric-loader-0.15.5.jar:?]
	at net.fabricmc.loader.impl.launch.knot.Knot.launch(Knot.java:74) ~[fabric-loader-0.15.5.jar:?]
	at net.fabricmc.loader.impl.launch.knot.KnotClient.main(KnotClient.java:23) ~[fabric-loader-0.15.5.jar:?]
	at net.fabricmc.devlaunchinjector.Main.main(Main.java:86) ~[dev-launch-injector-0.2.1+build.8.jar:?]
Caused by: java.net.UnknownHostException: Этот хост неизвестен (api.minecraftservices.com)
	at java.net.Inet6AddressImpl.lookupAllHostAddr(Native Method) ~[?:?]
	at java.net.InetAddress$PlatformNameService.lookupAllHostAddr(InetAddress.java:934) ~[?:?]
	at java.net.InetAddress.getAddressesFromNameService(InetAddress.java:1543) ~[?:?]
	at java.net.InetAddress$NameServiceAddresses.get(InetAddress.java:852) ~[?:?]
	at java.net.InetAddress.getAllByName0(InetAddress.java:1533) ~[?:?]
	at java.net.InetAddress.getAllByName(InetAddress.java:1385) ~[?:?]
	at java.net.InetAddress.getAllByName(InetAddress.java:1306) ~[?:?]
	at io.netty.util.internal.SocketUtils$9.run(SocketUtils.java:169) ~[netty-common-4.1.97.Final.jar:4.1.97.Final]
	at io.netty.util.internal.SocketUtils$9.run(SocketUtils.java:166) ~[netty-common-4.1.97.Final.jar:4.1.97.Final]
	at java.security.AccessController.doPrivileged(AccessController.java:569) ~[?:?]
	at io.netty.util.internal.SocketUtils.allAddressesByName(SocketUtils.java:166) ~[netty-common-4.1.97.Final.jar:4.1.97.Final]
	at io.netty.resolver.DefaultNameResolver.doResolveAll(DefaultNameResolver.java:50) ~[netty-resolver-4.1.97.Final.jar:4.1.97.Final]
	at io.netty.resolver.SimpleNameResolver.resolveAll(SimpleNameResolver.java:79) ~[netty-resolver-4.1.97.Final.jar:4.1.97.Final]
	at io.netty.resolver.SimpleNameResolver.resolveAll(SimpleNameResolver.java:71) ~[netty-resolver-4.1.97.Final.jar:4.1.97.Final]
	at org.asynchttpclient.resolver.RequestHostnameResolver.resolve(RequestHostnameResolver.java:50) ~[async-http-client-2.12.3.jar:?]
	at org.asynchttpclient.netty.request.NettyRequestSender.resolveAddresses(NettyRequestSender.java:364) ~[async-http-client-2.12.3.jar:?]
	at org.asynchttpclient.netty.request.NettyRequestSender.sendRequestWithNewChannel(NettyRequestSender.java:307) ~[async-http-client-2.12.3.jar:?]
	at org.asynchttpclient.netty.request.NettyRequestSender.sendRequestWithCertainForceConnect(NettyRequestSender.java:143) ~[async-http-client-2.12.3.jar:?]
	at org.asynchttpclient.netty.request.NettyRequestSender.sendRequest(NettyRequestSender.java:114) ~[async-http-client-2.12.3.jar:?]
	at org.asynchttpclient.DefaultAsyncHttpClient.execute(DefaultAsyncHttpClient.java:259) ~[async-http-client-2.12.3.jar:?]
	at org.asynchttpclient.DefaultAsyncHttpClient.executeRequest(DefaultAsyncHttpClient.java:228) ~[async-http-client-2.12.3.jar:?]
	at org.asynchttpclient.BoundRequestBuilder.execute(BoundRequestBuilder.java:39) ~[async-http-client-2.12.3.jar:?]
	at fabric.com.ptsmods.devlogin.MSA.doRequest(MSA.java:381) ~[devlogin-3.4.1.jar:?]
	... 10 more
[20:52:26] [main/INFO] (DevLogin-MSA) Cached token is invalid, requesting new one using refresh token.
[20:52:27] [main/ERROR] (DevLogin-MSA) Could not refresh token
java.util.concurrent.ExecutionException: java.net.UnknownHostException: Этот хост неизвестен (login.microsoftonline.com)
	at java.util.concurrent.CompletableFuture.reportGet(CompletableFuture.java:396) ~[?:?]
	at java.util.concurrent.CompletableFuture.get(CompletableFuture.java:2096) ~[?:?]
	at fabric.com.ptsmods.devlogin.MSA.doRequest(MSA.java:383) ~[devlogin-3.4.1.jar:?]
	at fabric.com.ptsmods.devlogin.MSA.refreshToken(MSA.java:204) ~[devlogin-3.4.1.jar:?]
	at fabric.com.ptsmods.devlogin.MSA.login(MSA.java:97) ~[devlogin-3.4.1.jar:?]
	at fabric.com.ptsmods.devlogin.DevLogin.loginMSA(DevLogin.java:134) ~[devlogin-3.4.1.jar:?]
	at fabric.com.ptsmods.devlogin.DevLogin.modifyArgs(DevLogin.java:49) ~[devlogin-3.4.1.jar:?]
	at net.minecraft.client.main.Main.localvar$zgd000$devlogin$modifyArgs(Main.java:521) ~[minecraft-merged-project-root-1.20.2-net.fabricmc.yarn.1_20_2.1.20.2+build.4-v2.jar:?]
	at net.minecraft.client.main.Main.main(Main.java:103) ~[minecraft-merged-project-root-1.20.2-net.fabricmc.yarn.1_20_2.1.20.2+build.4-v2.jar:?]
	at net.fabricmc.loader.impl.game.minecraft.MinecraftGameProvider.launch(MinecraftGameProvider.java:470) ~[fabric-loader-0.15.5.jar:?]
	at net.fabricmc.loader.impl.launch.knot.Knot.launch(Knot.java:74) ~[fabric-loader-0.15.5.jar:?]
	at net.fabricmc.loader.impl.launch.knot.KnotClient.main(KnotClient.java:23) ~[fabric-loader-0.15.5.jar:?]
	at net.fabricmc.devlaunchinjector.Main.main(Main.java:86) ~[dev-launch-injector-0.2.1+build.8.jar:?]
Caused by: java.net.UnknownHostException: Этот хост неизвестен (login.microsoftonline.com)
	at java.net.Inet6AddressImpl.lookupAllHostAddr(Native Method) ~[?:?]
	at java.net.InetAddress$PlatformNameService.lookupAllHostAddr(InetAddress.java:934) ~[?:?]
	at java.net.InetAddress.getAddressesFromNameService(InetAddress.java:1543) ~[?:?]
	at java.net.InetAddress$NameServiceAddresses.get(InetAddress.java:852) ~[?:?]
	at java.net.InetAddress.getAllByName0(InetAddress.java:1533) ~[?:?]
	at java.net.InetAddress.getAllByName(InetAddress.java:1385) ~[?:?]
	at java.net.InetAddress.getAllByName(InetAddress.java:1306) ~[?:?]
	at io.netty.util.internal.SocketUtils$9.run(SocketUtils.java:169) ~[netty-common-4.1.97.Final.jar:4.1.97.Final]
	at io.netty.util.internal.SocketUtils$9.run(SocketUtils.java:166) ~[netty-common-4.1.97.Final.jar:4.1.97.Final]
	at java.security.AccessController.doPrivileged(AccessController.java:569) ~[?:?]
	at io.netty.util.internal.SocketUtils.allAddressesByName(SocketUtils.java:166) ~[netty-common-4.1.97.Final.jar:4.1.97.Final]
	at io.netty.resolver.DefaultNameResolver.doResolveAll(DefaultNameResolver.java:50) ~[netty-resolver-4.1.97.Final.jar:4.1.97.Final]
	at io.netty.resolver.SimpleNameResolver.resolveAll(SimpleNameResolver.java:79) ~[netty-resolver-4.1.97.Final.jar:4.1.97.Final]
	at io.netty.resolver.SimpleNameResolver.resolveAll(SimpleNameResolver.java:71) ~[netty-resolver-4.1.97.Final.jar:4.1.97.Final]
	at org.asynchttpclient.resolver.RequestHostnameResolver.resolve(RequestHostnameResolver.java:50) ~[async-http-client-2.12.3.jar:?]
	at org.asynchttpclient.netty.request.NettyRequestSender.resolveAddresses(NettyRequestSender.java:364) ~[async-http-client-2.12.3.jar:?]
	at org.asynchttpclient.netty.request.NettyRequestSender.sendRequestWithNewChannel(NettyRequestSender.java:307) ~[async-http-client-2.12.3.jar:?]
	at org.asynchttpclient.netty.request.NettyRequestSender.sendRequestWithCertainForceConnect(NettyRequestSender.java:143) ~[async-http-client-2.12.3.jar:?]
	at org.asynchttpclient.netty.request.NettyRequestSender.sendRequest(NettyRequestSender.java:114) ~[async-http-client-2.12.3.jar:?]
	at org.asynchttpclient.DefaultAsyncHttpClient.execute(DefaultAsyncHttpClient.java:259) ~[async-http-client-2.12.3.jar:?]
	at org.asynchttpclient.DefaultAsyncHttpClient.executeRequest(DefaultAsyncHttpClient.java:228) ~[async-http-client-2.12.3.jar:?]
	at org.asynchttpclient.BoundRequestBuilder.execute(BoundRequestBuilder.java:39) ~[async-http-client-2.12.3.jar:?]
	at fabric.com.ptsmods.devlogin.MSA.doRequest(MSA.java:381) ~[devlogin-3.4.1.jar:?]
	... 10 more
[20:52:27] [main/ERROR] (DevLogin-MSA) Could not acquire a code to authenticate your Microsoft account with
java.util.concurrent.ExecutionException: java.net.UnknownHostException: login.microsoftonline.com
	at java.util.concurrent.CompletableFuture.reportGet(CompletableFuture.java:396) ~[?:?]
	at java.util.concurrent.CompletableFuture.get(CompletableFuture.java:2096) ~[?:?]
	at fabric.com.ptsmods.devlogin.MSA.doRequest(MSA.java:383) ~[devlogin-3.4.1.jar:?]
	at fabric.com.ptsmods.devlogin.MSA.reqTokens(MSA.java:136) ~[devlogin-3.4.1.jar:?]
	at fabric.com.ptsmods.devlogin.MSA.lambda$login$0(MSA.java:100) ~[devlogin-3.4.1.jar:?]
	at fabric.com.ptsmods.devlogin.MSA.lambda$refreshToken$7(MSA.java:217) ~[devlogin-3.4.1.jar:?]
	at fabric.com.ptsmods.devlogin.MSA.doRequest(MSA.java:386) ~[devlogin-3.4.1.jar:?]
	at fabric.com.ptsmods.devlogin.MSA.refreshToken(MSA.java:204) ~[devlogin-3.4.1.jar:?]
	at fabric.com.ptsmods.devlogin.MSA.login(MSA.java:97) ~[devlogin-3.4.1.jar:?]
	at fabric.com.ptsmods.devlogin.DevLogin.loginMSA(DevLogin.java:134) ~[devlogin-3.4.1.jar:?]
	at fabric.com.ptsmods.devlogin.DevLogin.modifyArgs(DevLogin.java:49) ~[devlogin-3.4.1.jar:?]
	at net.minecraft.client.main.Main.localvar$zgd000$devlogin$modifyArgs(Main.java:521) ~[minecraft-merged-project-root-1.20.2-net.fabricmc.yarn.1_20_2.1.20.2+build.4-v2.jar:?]
	at net.minecraft.client.main.Main.main(Main.java:103) ~[minecraft-merged-project-root-1.20.2-net.fabricmc.yarn.1_20_2.1.20.2+build.4-v2.jar:?]
	at net.fabricmc.loader.impl.game.minecraft.MinecraftGameProvider.launch(MinecraftGameProvider.java:470) ~[fabric-loader-0.15.5.jar:?]
	at net.fabricmc.loader.impl.launch.knot.Knot.launch(Knot.java:74) ~[fabric-loader-0.15.5.jar:?]
	at net.fabricmc.loader.impl.launch.knot.KnotClient.main(KnotClient.java:23) ~[fabric-loader-0.15.5.jar:?]
	at net.fabricmc.devlaunchinjector.Main.main(Main.java:86) ~[dev-launch-injector-0.2.1+build.8.jar:?]
Caused by: java.net.UnknownHostException: login.microsoftonline.com
	at java.net.InetAddress$CachedAddresses.get(InetAddress.java:801) ~[?:?]
	at java.net.InetAddress.getAllByName0(InetAddress.java:1533) ~[?:?]
	at java.net.InetAddress.getAllByName(InetAddress.java:1385) ~[?:?]
	at java.net.InetAddress.getAllByName(InetAddress.java:1306) ~[?:?]
	at io.netty.util.internal.SocketUtils$9.run(SocketUtils.java:169) ~[netty-common-4.1.97.Final.jar:4.1.97.Final]
	at io.netty.util.internal.SocketUtils$9.run(SocketUtils.java:166) ~[netty-common-4.1.97.Final.jar:4.1.97.Final]
	at java.security.AccessController.doPrivileged(AccessController.java:569) ~[?:?]
	at io.netty.util.internal.SocketUtils.allAddressesByName(SocketUtils.java:166) ~[netty-common-4.1.97.Final.jar:4.1.97.Final]
	at io.netty.resolver.DefaultNameResolver.doResolveAll(DefaultNameResolver.java:50) ~[netty-resolver-4.1.97.Final.jar:4.1.97.Final]
	at io.netty.resolver.SimpleNameResolver.resolveAll(SimpleNameResolver.java:79) ~[netty-resolver-4.1.97.Final.jar:4.1.97.Final]
	at io.netty.resolver.SimpleNameResolver.resolveAll(SimpleNameResolver.java:71) ~[netty-resolver-4.1.97.Final.jar:4.1.97.Final]
	at org.asynchttpclient.resolver.RequestHostnameResolver.resolve(RequestHostnameResolver.java:50) ~[async-http-client-2.12.3.jar:?]
	at org.asynchttpclient.netty.request.NettyRequestSender.resolveAddresses(NettyRequestSender.java:364) ~[async-http-client-2.12.3.jar:?]
	at org.asynchttpclient.netty.request.NettyRequestSender.sendRequestWithNewChannel(NettyRequestSender.java:307) ~[async-http-client-2.12.3.jar:?]
	at org.asynchttpclient.netty.request.NettyRequestSender.sendRequestWithCertainForceConnect(NettyRequestSender.java:143) ~[async-http-client-2.12.3.jar:?]
	at org.asynchttpclient.netty.request.NettyRequestSender.sendRequest(NettyRequestSender.java:114) ~[async-http-client-2.12.3.jar:?]
	at org.asynchttpclient.DefaultAsyncHttpClient.execute(DefaultAsyncHttpClient.java:259) ~[async-http-client-2.12.3.jar:?]
	at org.asynchttpclient.DefaultAsyncHttpClient.executeRequest(DefaultAsyncHttpClient.java:228) ~[async-http-client-2.12.3.jar:?]
	at org.asynchttpclient.BoundRequestBuilder.execute(BoundRequestBuilder.java:39) ~[async-http-client-2.12.3.jar:?]
	at fabric.com.ptsmods.devlogin.MSA.doRequest(MSA.java:381) ~[devlogin-3.4.1.jar:?]
	... 14 more
[20:52:38] [Render thread/INFO] (Minecraft) Environment: Environment[accountsHost=https://api.mojang.com, sessionHost=https://sessionserver.mojang.com, servicesHost=https://api.minecraftservices.com, name=PROD]
[20:52:38] [IO-Worker-1/WARN] (Minecraft) Couldn't look up profile properties for fef5996a-ff47-30bf-9025-1401c61fa24d
com.mojang.authlib.exceptions.MinecraftClientException: Failed to read from https://sessionserver.mojang.com/session/minecraft/profile/fef5996aff4730bf90251401c61fa24d?unsigned=false due to sessionserver.mojang.com
	at com.mojang.authlib.minecraft.client.MinecraftClient.readInputStream(MinecraftClient.java:108) ~[authlib-5.0.47.jar:?]
	at com.mojang.authlib.minecraft.client.MinecraftClient.get(MinecraftClient.java:57) ~[authlib-5.0.47.jar:?]
	at com.mojang.authlib.yggdrasil.YggdrasilMinecraftSessionService.fetchProfileUncached(YggdrasilMinecraftSessionService.java:186) ~[authlib-5.0.47.jar:?]
	at com.mojang.authlib.yggdrasil.YggdrasilMinecraftSessionService.fetchProfile(YggdrasilMinecraftSessionService.java:162) ~[authlib-5.0.47.jar:?]
	at net.minecraft.client.MinecraftClient.method_53464(MinecraftClient.java:450) ~[minecraft-merged-project-root-1.20.2-net.fabricmc.yarn.1_20_2.1.20.2+build.4-v2.jar:?]
	at java.util.concurrent.CompletableFuture$AsyncSupply.run(CompletableFuture.java:1768) ~[?:?]
	at java.util.concurrent.ThreadPoolExecutor.runWorker(ThreadPoolExecutor.java:1136) ~[?:?]
	at java.util.concurrent.ThreadPoolExecutor$Worker.run(ThreadPoolExecutor.java:635) ~[?:?]
	at java.lang.Thread.run(Thread.java:840) ~[?:?]
Caused by: java.net.UnknownHostException: sessionserver.mojang.com
	at sun.nio.ch.NioSocketImpl.connect(NioSocketImpl.java:572) ~[?:?]
	at java.net.SocksSocketImpl.connect(SocksSocketImpl.java:327) ~[?:?]
	at java.net.Socket.connect(Socket.java:633) ~[?:?]
	at sun.security.ssl.SSLSocketImpl.connect(SSLSocketImpl.java:304) ~[?:?]
	at sun.net.NetworkClient.doConnect(NetworkClient.java:178) ~[?:?]
	at sun.net.www.http.HttpClient.openServer(HttpClient.java:533) ~[?:?]
	at sun.net.www.http.HttpClient.openServer(HttpClient.java:638) ~[?:?]
	at sun.net.www.protocol.https.HttpsClient.<init>(HttpsClient.java:266) ~[?:?]
	at sun.net.www.protocol.https.HttpsClient.New(HttpsClient.java:380) ~[?:?]
	at sun.net.www.protocol.https.AbstractDelegateHttpsURLConnection.getNewHttpClient(AbstractDelegateHttpsURLConnection.java:193) ~[?:?]
	at sun.net.www.protocol.http.HttpURLConnection.plainConnect0(HttpURLConnection.java:1287) ~[?:?]
	at sun.net.www.protocol.http.HttpURLConnection.plainConnect(HttpURLConnection.java:1128) ~[?:?]
	at sun.net.www.protocol.https.AbstractDelegateHttpsURLConnection.connect(AbstractDelegateHttpsURLConnection.java:179) ~[?:?]
	at sun.net.www.protocol.http.HttpURLConnection.getInputStream0(HttpURLConnection.java:1665) ~[?:?]
	at sun.net.www.protocol.http.HttpURLConnection.getInputStream(HttpURLConnection.java:1589) ~[?:?]
	at java.net.HttpURLConnection.getResponseCode(HttpURLConnection.java:529) ~[?:?]
	at sun.net.www.protocol.https.HttpsURLConnectionImpl.getResponseCode(HttpsURLConnectionImpl.java:308) ~[?:?]
	at com.mojang.authlib.minecraft.client.MinecraftClient.readInputStream(MinecraftClient.java:84) ~[authlib-5.0.47.jar:?]
	... 8 more
[20:52:38] [Yggdrasil Key Fetcher/ERROR] (Minecraft) Failed to request yggdrasil public key
com.mojang.authlib.exceptions.MinecraftClientException: Failed to read from https://api.minecraftservices.com/publickeys due to api.minecraftservices.com
	at com.mojang.authlib.minecraft.client.MinecraftClient.readInputStream(MinecraftClient.java:108) ~[authlib-5.0.47.jar:?]
	at com.mojang.authlib.minecraft.client.MinecraftClient.get(MinecraftClient.java:57) ~[authlib-5.0.47.jar:?]
	at com.mojang.authlib.yggdrasil.YggdrasilServicesKeyInfo.fetch(YggdrasilServicesKeyInfo.java:94) ~[authlib-5.0.47.jar:?]
	at com.mojang.authlib.yggdrasil.YggdrasilServicesKeyInfo.lambda$get$1(YggdrasilServicesKeyInfo.java:81) ~[authlib-5.0.47.jar:?]
	at java.util.concurrent.Executors$RunnableAdapter.call(Executors.java:539) ~[?:?]
	at java.util.concurrent.FutureTask.runAndReset(FutureTask.java:305) ~[?:?]
	at java.util.concurrent.ScheduledThreadPoolExecutor$ScheduledFutureTask.run(ScheduledThreadPoolExecutor.java:305) ~[?:?]
	at java.util.concurrent.ThreadPoolExecutor.runWorker(ThreadPoolExecutor.java:1136) ~[?:?]
	at java.util.concurrent.ThreadPoolExecutor$Worker.run(ThreadPoolExecutor.java:635) ~[?:?]
	at java.lang.Thread.run(Thread.java:840) ~[?:?]
Caused by: java.net.UnknownHostException: api.minecraftservices.com
	at sun.nio.ch.NioSocketImpl.connect(NioSocketImpl.java:572) ~[?:?]
	at java.net.SocksSocketImpl.connect(SocksSocketImpl.java:327) ~[?:?]
	at java.net.Socket.connect(Socket.java:633) ~[?:?]
	at sun.security.ssl.SSLSocketImpl.connect(SSLSocketImpl.java:304) ~[?:?]
	at sun.net.NetworkClient.doConnect(NetworkClient.java:178) ~[?:?]
	at sun.net.www.http.HttpClient.openServer(HttpClient.java:533) ~[?:?]
	at sun.net.www.http.HttpClient.openServer(HttpClient.java:638) ~[?:?]
	at sun.net.www.protocol.https.HttpsClient.<init>(HttpsClient.java:266) ~[?:?]
	at sun.net.www.protocol.https.HttpsClient.New(HttpsClient.java:380) ~[?:?]
	at sun.net.www.protocol.https.AbstractDelegateHttpsURLConnection.getNewHttpClient(AbstractDelegateHttpsURLConnection.java:193) ~[?:?]
	at sun.net.www.protocol.http.HttpURLConnection.plainConnect0(HttpURLConnection.java:1287) ~[?:?]
	at sun.net.www.protocol.http.HttpURLConnection.plainConnect(HttpURLConnection.java:1128) ~[?:?]
	at sun.net.www.protocol.https.AbstractDelegateHttpsURLConnection.connect(AbstractDelegateHttpsURLConnection.java:179) ~[?:?]
	at sun.net.www.protocol.http.HttpURLConnection.getInputStream0(HttpURLConnection.java:1665) ~[?:?]
	at sun.net.www.protocol.http.HttpURLConnection.getInputStream(HttpURLConnection.java:1589) ~[?:?]
	at java.net.HttpURLConnection.getResponseCode(HttpURLConnection.java:529) ~[?:?]
	at sun.net.www.protocol.https.HttpsURLConnectionImpl.getResponseCode(HttpsURLConnectionImpl.java:308) ~[?:?]
	at com.mojang.authlib.minecraft.client.MinecraftClient.readInputStream(MinecraftClient.java:84) ~[authlib-5.0.47.jar:?]
	... 9 more
[20:52:38] [Render thread/INFO] (Minecraft) Setting user: Player952
[20:52:38] [Render thread/INFO] (fabric-networking-api-v1) Force Packet Serialization is enabled to mimic remote connection on single player, this is the default behaviour on dev env. Add -Dfabric-api.networking.force-packet-serialization=false JVM arg to disable it.
[20:52:38] [Render thread/INFO] (magiclib) [MagicLib|Common]: Mod initialized - Version: 0.7.398+fe2125a-stable
[20:52:39] [Render thread/INFO] (magiclib) [MagicLib|Client]: Mod initialized - Version: 0.7.398+fe2125a-stable
[20:52:39] [Worker-Main-2/INFO] (Mod Menu/Update Checker) Checking mod updates...
[20:52:39] [Render thread/INFO] (Indigo) [Indigo] Registering Indigo renderer!
[20:52:39] [Worker-Main-2/ERROR] (Mod Menu/Update Checker) Error checking for updates: 
java.net.ConnectException: null
	at jdk.internal.net.http.HttpClientImpl.send(HttpClientImpl.java:573) ~[java.net.http:?]
	at jdk.internal.net.http.HttpClientFacade.send(HttpClientFacade.java:123) ~[java.net.http:?]
	at com.terraformersmc.modmenu.util.ModrinthUtil.lambda$checkForUpdates$4(ModrinthUtil.java:81) ~[modmenu-8.0.0.jar:?]
	at java.util.concurrent.ForkJoinTask$RunnableExecuteAction.exec(ForkJoinTask.java:1395) ~[?:?]
	at java.util.concurrent.ForkJoinTask.doExec(ForkJoinTask.java:373) ~[?:?]
	at java.util.concurrent.ForkJoinPool$WorkQueue.topLevelExec(ForkJoinPool.java:1182) ~[?:?]
	at java.util.concurrent.ForkJoinPool.scan(ForkJoinPool.java:1655) ~[?:?]
	at java.util.concurrent.ForkJoinPool.runWorker(ForkJoinPool.java:1622) ~[?:?]
	at java.util.concurrent.ForkJoinWorkerThread.run(ForkJoinWorkerThread.java:165) ~[?:?]
Caused by: java.net.ConnectException
	at jdk.internal.net.http.common.Utils.toConnectException(Utils.java:1055) ~[java.net.http:?]
	at jdk.internal.net.http.PlainHttpConnection.connectAsync(PlainHttpConnection.java:198) ~[java.net.http:?]
	at jdk.internal.net.http.AsyncSSLConnection.connectAsync(AsyncSSLConnection.java:56) ~[java.net.http:?]
	at jdk.internal.net.http.Http2Connection.createAsync(Http2Connection.java:378) ~[java.net.http:?]
	at jdk.internal.net.http.Http2ClientImpl.getConnectionFor(Http2ClientImpl.java:128) ~[java.net.http:?]
	at jdk.internal.net.http.ExchangeImpl.get(ExchangeImpl.java:93) ~[java.net.http:?]
	at jdk.internal.net.http.Exchange.establishExchange(Exchange.java:343) ~[java.net.http:?]
	at jdk.internal.net.http.Exchange.responseAsyncImpl0(Exchange.java:475) ~[java.net.http:?]
	at jdk.internal.net.http.Exchange.responseAsyncImpl(Exchange.java:380) ~[java.net.http:?]
	at jdk.internal.net.http.Exchange.responseAsync(Exchange.java:372) ~[java.net.http:?]
	at jdk.internal.net.http.MultiExchange.responseAsyncImpl(MultiExchange.java:408) ~[java.net.http:?]
	at jdk.internal.net.http.MultiExchange.lambda$responseAsyncImpl$7(MultiExchange.java:449) ~[java.net.http:?]
	at java.util.concurrent.CompletableFuture.uniHandle(CompletableFuture.java:934) ~[?:?]
	at java.util.concurrent.CompletableFuture.uniHandleStage(CompletableFuture.java:950) ~[?:?]
	at java.util.concurrent.CompletableFuture.handle(CompletableFuture.java:2340) ~[?:?]
	at jdk.internal.net.http.MultiExchange.responseAsyncImpl(MultiExchange.java:439) ~[java.net.http:?]
	at jdk.internal.net.http.MultiExchange.lambda$responseAsync0$2(MultiExchange.java:341) ~[java.net.http:?]
	at java.util.concurrent.CompletableFuture$UniCompose.tryFire(CompletableFuture.java:1150) ~[?:?]
	at java.util.concurrent.CompletableFuture.postComplete(CompletableFuture.java:510) ~[?:?]
	at java.util.concurrent.CompletableFuture$AsyncSupply.run(CompletableFuture.java:1773) ~[?:?]
	at jdk.internal.net.http.HttpClientImpl$DelegatingExecutor.execute(HttpClientImpl.java:157) ~[java.net.http:?]
	at java.util.concurrent.CompletableFuture.completeAsync(CompletableFuture.java:2673) ~[?:?]
	at jdk.internal.net.http.MultiExchange.responseAsync(MultiExchange.java:294) ~[java.net.http:?]
	at jdk.internal.net.http.HttpClientImpl.sendAsync(HttpClientImpl.java:654) ~[java.net.http:?]
	at jdk.internal.net.http.HttpClientImpl.send(HttpClientImpl.java:552) ~[java.net.http:?]
	... 8 more
Caused by: java.nio.channels.UnresolvedAddressException
	at sun.nio.ch.Net.checkAddress(Net.java:149) ~[?:?]
	at sun.nio.ch.Net.checkAddress(Net.java:157) ~[?:?]
	at sun.nio.ch.SocketChannelImpl.checkRemote(SocketChannelImpl.java:816) ~[?:?]
	at sun.nio.ch.SocketChannelImpl.connect(SocketChannelImpl.java:839) ~[?:?]
	at jdk.internal.net.http.PlainHttpConnection.lambda$connectAsync$0(PlainHttpConnection.java:183) ~[java.net.http:?]
	at java.security.AccessController.doPrivileged(AccessController.java:569) ~[?:?]
	at jdk.internal.net.http.PlainHttpConnection.connectAsync(PlainHttpConnection.java:185) ~[java.net.http:?]
	at jdk.internal.net.http.AsyncSSLConnection.connectAsync(AsyncSSLConnection.java:56) ~[java.net.http:?]
	at jdk.internal.net.http.Http2Connection.createAsync(Http2Connection.java:378) ~[java.net.http:?]
	at jdk.internal.net.http.Http2ClientImpl.getConnectionFor(Http2ClientImpl.java:128) ~[java.net.http:?]
	at jdk.internal.net.http.ExchangeImpl.get(ExchangeImpl.java:93) ~[java.net.http:?]
	at jdk.internal.net.http.Exchange.establishExchange(Exchange.java:343) ~[java.net.http:?]
	at jdk.internal.net.http.Exchange.responseAsyncImpl0(Exchange.java:475) ~[java.net.http:?]
	at jdk.internal.net.http.Exchange.responseAsyncImpl(Exchange.java:380) ~[java.net.http:?]
	at jdk.internal.net.http.Exchange.responseAsync(Exchange.java:372) ~[java.net.http:?]
	at jdk.internal.net.http.MultiExchange.responseAsyncImpl(MultiExchange.java:408) ~[java.net.http:?]
	at jdk.internal.net.http.MultiExchange.lambda$responseAsyncImpl$7(MultiExchange.java:449) ~[java.net.http:?]
	at java.util.concurrent.CompletableFuture.uniHandle(CompletableFuture.java:934) ~[?:?]
	at java.util.concurrent.CompletableFuture.uniHandleStage(CompletableFuture.java:950) ~[?:?]
	at java.util.concurrent.CompletableFuture.handle(CompletableFuture.java:2340) ~[?:?]
	at jdk.internal.net.http.MultiExchange.responseAsyncImpl(MultiExchange.java:439) ~[java.net.http:?]
	at jdk.internal.net.http.MultiExchange.lambda$responseAsync0$2(MultiExchange.java:341) ~[java.net.http:?]
	at java.util.concurrent.CompletableFuture$UniCompose.tryFire(CompletableFuture.java:1150) ~[?:?]
	at java.util.concurrent.CompletableFuture.postComplete(CompletableFuture.java:510) ~[?:?]
	at java.util.concurrent.CompletableFuture$AsyncSupply.run(CompletableFuture.java:1773) ~[?:?]
	at jdk.internal.net.http.HttpClientImpl$DelegatingExecutor.execute(HttpClientImpl.java:157) ~[java.net.http:?]
	at java.util.concurrent.CompletableFuture.completeAsync(CompletableFuture.java:2673) ~[?:?]
	at jdk.internal.net.http.MultiExchange.responseAsync(MultiExchange.java:294) ~[java.net.http:?]
	at jdk.internal.net.http.HttpClientImpl.sendAsync(HttpClientImpl.java:654) ~[java.net.http:?]
	at jdk.internal.net.http.HttpClientImpl.send(HttpClientImpl.java:552) ~[java.net.http:?]
	... 8 more
[20:52:39] [Render thread/INFO] (Minecraft) Backend library: LWJGL version 3.3.2-snapshot
[20:52:41] [Render thread/INFO] (Minecraft) Reloading ResourceManager: vanilla, fabric (fabric-entity-events-v1, fabric-command-api-v1, fabric-rendering-v1, lazydfu, fabric-client-tags-api-v1, fabric-crash-report-info-v1, fabric-gametest-api-v1, fabric-networking-api-v1, fabric-item-api-v1, fabric-mining-level-api-v1, fabric-data-generation-api-v1, malilib, fabric-models-v0, fabric-message-api-v1, fabric-item-group-api-v1, fabric-rendering-fluids-v1, magiclib-1_20_2, fabric-keybindings-v0, fabric-lifecycle-events-v1, fabric-recipe-api-v1, fabric-key-binding-api-v1, magiclib, fabricloader, fabric-rendering-data-attachment-v1, modmenu, fabric-api-lookup-api-v1, fabric-resource-loader-v0, fabric-sound-api-v1, fabric-block-api-v1, fabric-dimensions-v1, fabric-events-interaction-v0, fabric-loot-api-v2, fabric-renderer-api-v1, fabric-command-api-v2, fabric-transfer-api-v1, fabric-object-builder-api-v1, fabric-containers-v0, fabric-rendering-v0, fabric-convention-tags-v1, fabric-renderer-registries-v1, fabric-screen-api-v1, fabric-events-lifecycle-v0, fabric-content-registries-v0, fabric-game-rule-api-v1, fabric-commands-v0, fabric-api-base, fabric-model-loading-api-v1, fabric-api, fabric-screen-handler-api-v1, fabric-resource-conditions-api-v1, fabric-renderer-indigo, fabric-registry-sync-v0, fabric-particles-v1, fabric-blockrenderlayer-v1, fabric-block-view-api-v2, fabric-transitive-access-wideners-v1, fabric-biome-api-v1)
[20:52:41] [Worker-Main-5/INFO] (Minecraft) Found unifont_all_no_pua-15.0.06.hex, loading
[20:52:44] [Render thread/WARN] (Minecraft) Missing sound for event: minecraft:item.goat_horn.play
[20:52:44] [Render thread/WARN] (Minecraft) Missing sound for event: minecraft:entity.goat.screaming.horn_break
[20:52:45] [Render thread/INFO] (Minecraft) OpenAL initialized on device OpenAL Soft on Динамики (Realtek(R) Audio)
[20:52:45] [Render thread/INFO] (Minecraft) Sound engine started
[20:52:45] [Render thread/INFO] (Minecraft) Created: 1024x512x4 minecraft:textures/atlas/blocks.png-atlas
[20:52:45] [Render thread/INFO] (Minecraft) Created: 256x256x4 minecraft:textures/atlas/signs.png-atlas
[20:52:45] [Render thread/INFO] (Minecraft) Created: 512x512x4 minecraft:textures/atlas/shield_patterns.png-atlas
[20:52:45] [Render thread/INFO] (Minecraft) Created: 512x512x4 minecraft:textures/atlas/banner_patterns.png-atlas
[20:52:45] [Render thread/INFO] (Minecraft) Created: 1024x1024x4 minecraft:textures/atlas/armor_trims.png-atlas
[20:52:45] [Render thread/INFO] (Minecraft) Created: 128x64x4 minecraft:textures/atlas/decorated_pot.png-atlas
[20:52:45] [Render thread/INFO] (Minecraft) Created: 256x256x4 minecraft:textures/atlas/chest.png-atlas
[20:52:45] [Render thread/INFO] (Minecraft) Created: 512x256x4 minecraft:textures/atlas/shulker_boxes.png-atlas
[20:52:45] [Render thread/INFO] (Minecraft) Created: 512x256x4 minecraft:textures/atlas/beds.png-atlas
[20:52:46] [Render thread/WARN] (Minecraft) Shader rendertype_entity_translucent_emissive could not find sampler named Sampler2 in the specified shader program.
[20:52:46] [Render thread/INFO] (Minecraft) Created: 256x256x0 minecraft:textures/atlas/particles.png-atlas
[20:52:46] [Render thread/INFO] (Minecraft) Created: 256x256x0 minecraft:textures/atlas/paintings.png-atlas
[20:52:46] [Render thread/INFO] (Minecraft) Created: 128x128x0 minecraft:textures/atlas/mob_effects.png-atlas
[20:52:46] [Render thread/INFO] (Minecraft) Created: 1024x512x0 minecraft:textures/atlas/gui.png-atlas
[20:52:46] [IO-Worker-1/ERROR] (Minecraft) Couldn't connect to realms
net.minecraft.client.realms.exception.RealmsServiceException: Realms service error (500) with message 'Could not connect to Realms: pc.realms.minecraft.net'
	at net.minecraft.client.realms.RealmsClient.execute(RealmsClient.java:441) ~[minecraft-merged-project-root-1.20.2-net.fabricmc.yarn.1_20_2.1.20.2+build.4-v2.jar:?]
	at net.minecraft.client.realms.RealmsClient.clientCompatible(RealmsClient.java:218) ~[minecraft-merged-project-root-1.20.2-net.fabricmc.yarn.1_20_2.1.20.2+build.4-v2.jar:?]
	at net.minecraft.client.realms.RealmsAvailability.method_52627(RealmsAvailability.java:45) ~[minecraft-merged-project-root-1.20.2-net.fabricmc.yarn.1_20_2.1.20.2+build.4-v2.jar:?]
	at java.util.concurrent.CompletableFuture$AsyncSupply.run(CompletableFuture.java:1768) ~[?:?]
	at java.util.concurrent.ThreadPoolExecutor.runWorker(ThreadPoolExecutor.java:1136) ~[?:?]
	at java.util.concurrent.ThreadPoolExecutor$Worker.run(ThreadPoolExecutor.java:635) ~[?:?]
	at java.lang.Thread.run(Thread.java:840) ~[?:?]
[20:53:09] [Render thread/INFO] (Minecraft) Loaded 7 recipes
[20:53:09] [Render thread/INFO] (Minecraft) Loaded 1271 advancements
[20:53:10] [Render thread/INFO] (BiomeModificationImpl) Applied 0 biome modifications to 0 of 64 new biomes in 2.304 ms
[20:53:10] [Server thread/INFO] (Minecraft) Starting integrated minecraft server version 1.20.2
[20:53:10] [Server thread/INFO] (Minecraft) Generating keypair
[20:53:11] [Server thread/INFO] (Minecraft) Preparing start region for dimension minecraft:overworld
[20:53:13] [Render thread/INFO] (Minecraft) Preparing spawn area: 0%
[20:53:13] [Render thread/INFO] (Minecraft) Preparing spawn area: 0%
[20:53:13] [Render thread/INFO] (Minecraft) Preparing spawn area: 0%
[20:53:13] [Render thread/INFO] (Minecraft) Preparing spawn area: 0%
[20:53:13] [Render thread/INFO] (Minecraft) Preparing spawn area: 0%
[20:53:13] [Render thread/INFO] (Minecraft) Preparing spawn area: 0%
[20:53:14] [Render thread/INFO] (Minecraft) Preparing spawn area: 0%
[20:53:14] [Render thread/INFO] (Minecraft) Preparing spawn area: 29%
[20:53:15] [Render thread/INFO] (Minecraft) Preparing spawn area: 88%
[20:53:15] [Render thread/INFO] (Minecraft) Time elapsed: 4071 ms
[20:53:15] [Server thread/INFO] (Minecraft) Changing view distance to 5, from 10
[20:53:15] [Server thread/INFO] (Minecraft) Changing simulation distance to 5, from 0
[20:53:16] [Server thread/INFO] (Minecraft) Player952[local:E:935b34ca] logged in with entity id 18 at (10.009596835615305, -60.0, 12.718130717183016)
[20:53:16] [Server thread/INFO] (Minecraft) Player952 joined the game
[20:53:16] [Render thread/WARN] (Minecraft) Ignoring chat session from Player952 due to missing Services public key
[20:53:16] [Render thread/INFO] (Minecraft) Loaded 23 advancements
[20:54:04] [Server thread/INFO] (Minecraft) Player952 has made the advancement [Glow and Behold!]
[20:54:04] [Render thread/INFO] (Minecraft) [System] [CHAT] Player952 has made the advancement [Glow and Behold!]
[20:54:04] [Render thread/INFO] (Minecraft) Loaded 25 advancements
[20:54:10] [Server thread/INFO] (Minecraft) Saving and pausing game...
[20:54:10] [Server thread/INFO] (Minecraft) Saving chunks for level 'ServerLevel[New World]'/minecraft:overworld
[20:54:10] [Server thread/INFO] (Minecraft) Saving chunks for level 'ServerLevel[New World]'/minecraft:the_nether
[20:54:10] [Server thread/INFO] (Minecraft) Saving chunks for level 'ServerLevel[New World]'/minecraft:the_end
[20:54:12] [Server thread/INFO] (Minecraft) Player952 lost connection: Disconnected
[20:54:12] [Server thread/INFO] (Minecraft) Player952 left the game
[20:54:12] [Server thread/INFO] (Minecraft) Stopping singleplayer server as player logged out
[20:54:12] [Server thread/INFO] (Minecraft) Stopping server
[20:54:12] [Server thread/INFO] (Minecraft) Saving players
[20:54:12] [Server thread/INFO] (Minecraft) Saving worlds
[20:54:13] [Server thread/INFO] (Minecraft) Saving chunks for level 'ServerLevel[New World]'/minecraft:overworld
[20:54:14] [Server thread/INFO] (Minecraft) Saving chunks for level 'ServerLevel[New World]'/minecraft:the_nether
[20:54:14] [Server thread/INFO] (Minecraft) Saving chunks for level 'ServerLevel[New World]'/minecraft:the_end
[20:54:14] [Server thread/INFO] (Minecraft) ThreadedAnvilChunkStorage (New World): All chunks are saved
[20:54:14] [Server thread/INFO] (Minecraft) ThreadedAnvilChunkStorage (DIM-1): All chunks are saved
[20:54:14] [Server thread/INFO] (Minecraft) ThreadedAnvilChunkStorage (DIM1): All chunks are saved
[20:54:14] [Server thread/INFO] (Minecraft) ThreadedAnvilChunkStorage: All dimensions are saved
[20:54:15] [IO-Worker-12/ERROR] (Minecraft) Couldn't connect to realms
net.minecraft.client.realms.exception.RealmsServiceException: Realms service error (500) with message 'Could not connect to Realms: pc.realms.minecraft.net'
	at net.minecraft.client.realms.RealmsClient.execute(RealmsClient.java:441) ~[minecraft-merged-project-root-1.20.2-net.fabricmc.yarn.1_20_2.1.20.2+build.4-v2.jar:?]
	at net.minecraft.client.realms.RealmsClient.clientCompatible(RealmsClient.java:218) ~[minecraft-merged-project-root-1.20.2-net.fabricmc.yarn.1_20_2.1.20.2+build.4-v2.jar:?]
	at net.minecraft.client.realms.RealmsAvailability.method_52627(RealmsAvailability.java:45) ~[minecraft-merged-project-root-1.20.2-net.fabricmc.yarn.1_20_2.1.20.2+build.4-v2.jar:?]
	at java.util.concurrent.CompletableFuture$AsyncSupply.run(CompletableFuture.java:1768) ~[?:?]
	at java.util.concurrent.ThreadPoolExecutor.runWorker(ThreadPoolExecutor.java:1136) ~[?:?]
	at java.util.concurrent.ThreadPoolExecutor$Worker.run(ThreadPoolExecutor.java:635) ~[?:?]
	at java.lang.Thread.run(Thread.java:840) ~[?:?]
[20:57:07] [Render thread/INFO] (Minecraft) Stopping!
